2016/01/26 23:37:32 devices.go:54: initializing device manager...
2016/01/26 23:37:32 run_viki.go:33: Fatal Error: unable to open configuration file error parsing config file %!(EXTRA *json.SyntaxError=invalid character '{' after array element)
2016/01/26 23:37:50 devices.go:54: initializing device manager...
2016/01/26 23:37:50 run_viki.go:33: Fatal Error: unable to open configuration file error parsing config file %!(EXTRA *json.SyntaxError=invalid character '{' after array element)
2016/01/26 23:38:36 devices.go:54: initializing device manager...
2016/01/26 23:38:36 speak.go:60: starting device speak...
2016/01/26 23:38:36 speak.go:63: festival 10.0.0.23:1314
2016/01/26 23:38:36 x10.go:35: starting device cm11...
2016/01/26 23:38:36 cm11.go:35: initialize device /dev/ttyUSB0
2016/01/26 23:38:36 devices.go:95: Error starting device.  Failed with error opening device open /dev/ttyUSB0: no such file or directory
2016/01/26 23:38:36 http.go:25: starting device HttpHandler...
2016/01/26 23:38:36 my_logger.go:10: starting user routine logger...
2016/01/26 23:38:36 my_timed_events.go:11: starting user routine timedEvents...
2016/01/26 23:38:36 my_http_handler.go:10: starting user routine httphandler...
2016/01/26 23:40:07 devices.go:54: initializing device manager...
2016/01/26 23:40:07 speak.go:60: starting device speak...
2016/01/26 23:40:07 speak.go:63: festival 10.0.0.1:112
2016/01/26 23:40:07 x10.go:35: starting device cm11...
2016/01/26 23:40:07 cm11.go:35: initialize device /dev/ttyUSB0
2016/01/26 23:40:07 devices.go:95: Error starting device.  Failed with error opening device open /dev/ttyUSB0: no such file or directory
2016/01/26 23:40:07 http.go:25: starting device HttpHandler...
2016/01/26 23:40:07 my_logger.go:10: starting user routine logger...
2016/01/26 23:40:07 my_timed_events.go:11: starting user routine timedEvents...
2016/01/26 23:40:07 my_http_handler.go:10: starting user routine httphandler...
2016/01/26 23:40:20 devices.go:54: initializing device manager...
2016/01/26 23:40:20 x10.go:35: starting device cm11...
2016/01/26 23:40:20 cm11.go:35: initialize device /dev/ttyUSB0
2016/01/26 23:40:20 devices.go:95: Error starting device.  Failed with error opening device open /dev/ttyUSB0: no such file or directory
2016/01/26 23:40:20 http.go:25: starting device HttpHandler...
2016/01/26 23:40:20 speak.go:60: starting device speak...
2016/01/26 23:40:20 speak.go:63: festival 10.0.0.23:1314
2016/01/26 23:40:20 my_logger.go:10: starting user routine logger...
2016/01/26 23:40:20 my_http_handler.go:10: starting user routine httphandler...
2016/01/26 23:40:20 my_timed_events.go:11: starting user routine timedEvents...
2016/01/26 23:42:37 http.go:63: recieved http request Off dining_light
2016/01/26 23:42:37 my_logger.go:23: Got data from direct_request 
2016/01/26 23:42:37 my_http_handler.go:19: Got data from http [dining_light Off]
2016/01/26 23:44:33 devices.go:54: initializing device manager...
2016/01/26 23:44:33 x10.go:35: starting device cm11...
2016/01/26 23:44:33 cm11.go:35: initialize device /dev/ttyUSB0
2016/01/26 23:44:33 devices.go:95: Error starting device.  Failed with error opening device open /dev/ttyUSB0: no such file or directory
2016/01/26 23:44:33 http.go:25: starting device HttpHandler...
2016/01/26 23:44:33 speak.go:60: starting device speak...
2016/01/26 23:44:33 speak.go:63: festival 10.0.0.23:1314
2016/01/26 23:44:33 my_logger.go:10: starting user routine logger...
2016/01/26 23:44:33 my_http_handler.go:10: starting user routine httphandler...
2016/01/26 23:44:33 my_timed_events.go:11: starting user routine timedEvents...
2016/01/26 23:44:39 http.go:63: recieved http request Off dining_light
2016/01/26 23:44:39 my_logger.go:23: Got data from direct_request 
2016/01/26 23:44:39 my_http_handler.go:19: Got data from http [dining_light Off]
2016/01/26 23:44:39 speak.go:27: speak: executing %!d(string=Turning on lights) on %!s(MISSING)
2016/01/26 23:44:39 speak.go:31: tts.go: connection not initialized. Starting tts connection...
2016/01/26 23:57:03 devices.go:54: initializing device manager...
2016/01/26 23:57:03 x10.go:35: starting device cm11...
2016/01/26 23:57:03 cm11.go:35: initialize device /dev/ttyUSB0
2016/01/26 23:57:03 devices.go:94: Error starting device.  Failed with error opening device open /dev/ttyUSB0: no such file or directory
2016/01/26 23:57:03 http.go:25: starting device HttpHandler...
2016/01/26 23:57:03 speak.go:58: starting device speak...
2016/01/26 23:57:03 my_logger.go:10: starting user routine logger...
2016/01/26 23:57:03 my_timed_events.go:11: starting user routine timedEvents...
2016/01/26 23:57:03 my_http_handler.go:10: starting user routine httphandler...
2016/01/26 23:57:09 http.go:65: recieved http request Off dining_light
2016/01/26 23:57:09 my_logger.go:23: Got data from direct_request 
2016/01/26 23:57:09 my_http_handler.go:19: Got data from http [dining_light Off]
2016/01/26 23:57:09 speak.go:27: speaking  Executing command
2016/01/27 22:17:22 devices.go:49: initializing device manager...
2016/01/27 22:17:22 x10.go:35: starting device cm11...
2016/01/27 22:17:22 cm11.go:35: initialize device /dev/ttyUSB0
2016/01/27 22:17:22 devices.go:89: Error starting device.  Failed with error opening device open /dev/ttyUSB0: no such file or directory
2016/01/27 22:17:22 http.go:25: starting device HttpHandler...
2016/01/27 22:17:22 speak.go:58: starting device speak...
2016/01/27 22:17:22 my_logger.go:10: starting user routine logger...
2016/01/27 22:17:22 my_timed_events.go:11: starting user routine timedEvents...
2016/01/27 22:17:22 my_http_handler.go:10: starting user routine httphandler...
2016/01/27 23:10:30 devices.go:44: initializing device manager...
2016/01/27 23:10:30 x10.go:35: starting device cm11...
2016/01/27 23:10:30 cm11.go:35: initialize device /dev/ttyUSB0
2016/01/27 23:10:30 devices.go:84: Error starting device.  Failed with error opening device open /dev/ttyUSB0: no such file or directory
2016/01/27 23:10:30 http.go:25: starting device HttpHandler...
2016/01/27 23:10:30 speak.go:58: starting device speak...
2016/01/27 23:10:30 my_logger.go:10: starting user routine logger...
2016/01/27 23:10:30 my_timed_events.go:11: starting user routine timedEvents...
2016/01/27 23:10:30 my_http_handler.go:10: starting user routine httphandler...
2016/01/27 23:11:00 devices.go:44: initializing device manager...
2016/01/28 00:12:14 devices.go:38: initializing device manager...
2016/01/28 00:13:05 devices.go:38: initializing device manager...
2016/01/28 00:17:34 devices.go:38: initializing device manager...
2016/01/28 00:24:05 devices.go:38: initializing device manager...
2016/01/28 00:24:33 devices.go:38: initializing device manager...
2016/01/28 00:24:48 devices.go:38: initializing device manager...
2016/01/28 00:25:19 devices.go:38: initializing device manager...
2016/01/28 00:26:00 devices.go:38: initializing device manager...
2016/01/28 00:26:53 devices.go:38: initializing device manager...
2016/01/28 00:28:04 devices.go:38: initializing device manager...
2016/01/28 00:28:04 x10.go:38: starting device cm11...
2016/01/28 00:28:04 cm11.go:35: initialize device /dev/ttyUSB0
2016/01/28 00:28:04 devices.go:78: Error starting device.  Failed with error opening device open /dev/ttyUSB0: no such file or directory
2016/01/28 00:28:04 http.go:28: starting device HttpHandler...
2016/01/28 00:28:04 speak.go:61: starting device speak...
2016/01/28 00:28:04 my_logger.go:10: starting user routine logger...
2016/01/28 00:28:04 my_timed_events.go:11: starting user routine timedEvents...
2016/01/28 00:28:04 my_http_handler.go:10: starting user routine httphandler...
2016/01/28 00:28:23 devices.go:38: initializing device manager...
2016/01/28 00:28:23 speak.go:61: starting device speak...
2016/01/28 00:28:23 x10.go:38: starting device cm11...
2016/01/28 00:28:23 cm11.go:35: initialize device /dev/ttyUSB0
2016/01/28 00:28:23 devices.go:78: Error starting device.  Failed with error opening device open /dev/ttyUSB0: no such file or directory
2016/01/28 00:28:23 http.go:28: starting device HttpHandler...
2016/01/28 00:28:23 my_logger.go:10: starting user routine logger...
2016/01/28 00:28:23 my_http_handler.go:10: starting user routine httphandler...
2016/01/28 00:28:23 my_timed_events.go:11: starting user routine timedEvents...
2016/01/28 00:29:00 http.go:68: recieved http request oFF patio_light
2016/01/28 00:29:00 my_logger.go:22: Got data from http_request 
2016/01/28 00:29:00 my_http_handler.go:19: Got data from http [patio_light oFF]
2016/01/28 00:31:08 devices.go:38: initializing device manager...
2016/01/28 00:31:08 x10.go:38: starting device cm11...
2016/01/28 00:31:08 cm11.go:35: initialize device /dev/ttyUSB0
2016/01/28 00:31:08 devices.go:78: Error starting device.  Failed with error opening device open /dev/ttyUSB0: no such file or directory
2016/01/28 00:31:08 http.go:28: starting device HttpHandler...
2016/01/28 00:31:08 speak.go:61: starting device speak...
2016/01/28 00:31:08 my_logger.go:10: starting user routine logger...
2016/01/28 00:31:08 my_timed_events.go:11: starting user routine timedEvents...
2016/01/28 00:31:08 my_http_handler.go:10: starting user routine httphandler...
2016/01/28 00:31:58 http.go:68: recieved http request oFF patio_light
2016/01/28 00:31:58 my_logger.go:22: Got data from http_request 
2016/01/28 00:31:58 my_http_handler.go:19: Got data from http [patio_light oFF]
2016/01/28 00:41:16 devices.go:38: initializing device manager...
2016/01/28 00:43:31 devices.go:38: initializing device manager...
2016/01/28 00:43:31 http.go:28: starting device HttpHandler...
2016/01/28 00:43:31 speak.go:61: starting device speak...
2016/01/28 00:43:31 x10.go:38: starting device cm11...
2016/01/28 00:43:31 cm11.go:35: initialize device /dev/ttyUSB0
2016/01/28 00:43:31 devices.go:78: Error starting device.  Failed with error opening device open /dev/ttyUSB0: no such file or directory
2016/01/28 00:43:31 my_logger.go:10: starting user routine logger...
2016/01/28 00:43:31 my_timed_events.go:11: starting user routine timedEvents...
2016/01/28 00:43:31 my_http_handler.go:10: starting user routine httphandler...
2016/01/28 00:44:06 devices.go:38: initializing device manager...
2016/01/28 00:45:40 devices.go:38: initializing device manager...
2016/01/28 00:46:12 devices.go:38: initializing device manager...
2016/01/28 00:49:39 devices.go:38: initializing device manager...
2016/01/28 00:49:47 devices.go:38: initializing device manager...
2016/01/28 00:49:47 viki.go:52: invalid device speake specified
2016/01/28 00:50:02 devices.go:38: initializing device manager...
2016/01/28 00:50:02 viki.go:52: invalid device speake specified
2016/01/28 00:52:48 devices.go:38: initializing device manager...
2016/01/28 00:52:48 run_viki.go:35: Fatal Error: config file error invalid device speake specified
2016/01/28 00:53:04 devices.go:38: initializing device manager...
2016/01/28 00:53:04 run_viki.go:35: Fatal Error: config file error invalid device speake specified
2016/01/28 00:53:42 devices.go:38: initializing device manager...
2016/01/28 00:53:42 run_viki.go:35: Fatal Error: config file error invalid device "speake" specified
2016/01/28 00:55:38 devices.go:38: initializing device manager...
2016/01/28 00:55:38 speak.go:61: starting device speak...
2016/01/28 00:55:38 x10.go:38: starting device cm11...
2016/01/28 00:55:38 cm11.go:35: initialize device /dev/ttyUSB0
2016/01/28 00:55:38 devices.go:78: Error starting device.  Failed with error opening device open /dev/ttyUSB0: no such file or directory
2016/01/28 00:55:38 http.go:28: starting device HttpHandler...
2016/01/28 00:55:38 my_logger.go:10: starting user routine logger...
2016/01/28 00:55:38 my_timed_events.go:11: starting user routine timedEvents...
2016/01/28 00:55:38 my_http_handler.go:10: starting user routine httphandler...
2016/01/28 00:56:06 http.go:68: recieved http request oFF patio_light
2016/01/28 00:56:06 my_logger.go:22: Got data from http_request 
2016/01/28 00:56:06 my_http_handler.go:19: Got data from http [patio_light oFF]
2016/01/28 00:56:06 speak.go:30: speaking  Executing command
2016/01/28 00:56:24 http.go:68: recieved http request oFF patio_light
2016/01/28 00:56:24 my_logger.go:22: Got data from http_request 
2016/01/28 00:56:24 my_http_handler.go:19: Got data from http [patio_light oFF]
2016/01/28 00:56:24 speak.go:30: speaking  Executing command
2016/01/28 01:15:06 devices.go:38: initializing device manager...
2016/01/28 01:15:06 x10.go:38: starting device cm11...
2016/01/28 01:15:06 cm11.go:35: initialize device /dev/ttyUSB0
2016/01/28 01:15:06 devices.go:78: Error starting device.  Failed with error opening device open /dev/ttyUSB0: no such file or directory
2016/01/28 01:15:06 http.go:28: starting device HttpHandler...
2016/01/28 01:15:06 speak.go:61: starting device speak...
2016/01/28 01:15:06 my_logger.go:10: starting user routine logger...
2016/01/28 01:15:06 my_http_handler.go:10: starting user routine httphandler...
2016/01/28 01:15:06 my_timed_events.go:11: starting user routine timedEvents...
2016/01/28 01:15:16 http.go:68: recieved http request oFF patio_light
2016/01/28 01:15:16 my_logger.go:22: Got data from http_request 
2016/01/28 01:15:16 my_http_handler.go:19: Got data from http [patio_light oFF]
2016/01/28 01:15:16 speak.go:30: speaking  Executing command
